
2022/04/14 19:19:07 [32m/home/antonio/go/pkg/mod/gorm.io/driver/mysql@v1.2.3/migrator.go:234
[0m[33m[67.310ms] [34;1m[rows:-][0m SELECT DATABASE()

2022/04/14 19:19:07 [32m/home/antonio/go/pkg/mod/gorm.io/driver/mysql@v1.2.3/migrator.go:237
[0m[33m[134.889ms] [34;1m[rows:1][0m SELECT SCHEMA_NAME from Information_schema.SCHEMATA where SCHEMA_NAME LIKE 'sass%' ORDER BY SCHEMA_NAME='sass' DESC limit 1

2022/04/14 19:19:08 [32m/home/antonio/SaaS/server/server.go:106
[0m[33m[135.033ms] [34;1m[rows:-][0m SELECT count(*) FROM information_schema.tables WHERE table_schema = 'sass' AND table_name = 'users' AND table_type = 'BASE TABLE'

2022/04/14 19:19:08 [32m/home/antonio/go/pkg/mod/gorm.io/driver/mysql@v1.2.3/migrator.go:234
[0m[33m[68.750ms] [34;1m[rows:-][0m SELECT DATABASE()

2022/04/14 19:19:08 [32m/home/antonio/go/pkg/mod/gorm.io/driver/mysql@v1.2.3/migrator.go:237
[0m[33m[135.951ms] [34;1m[rows:1][0m SELECT SCHEMA_NAME from Information_schema.SCHEMATA where SCHEMA_NAME LIKE 'sass%' ORDER BY SCHEMA_NAME='sass' DESC limit 1

2022/04/14 19:19:08 [32m/home/antonio/go/pkg/mod/gorm.io/driver/mysql@v1.2.3/migrator.go:205
[0m[33m[139.909ms] [34;1m[rows:-][0m SELECT column_name, is_nullable, data_type, character_maximum_length, numeric_precision, numeric_scale , datetime_precision FROM information_schema.columns WHERE table_schema = 'sass' AND table_name = 'users' ORDER BY ORDINAL_POSITION

2022/04/14 19:19:08 [32m/home/antonio/go/pkg/mod/gorm.io/driver/mysql@v1.2.3/migrator.go:234
[0m[33m[66.704ms] [34;1m[rows:-][0m SELECT DATABASE()

2022/04/14 19:19:08 [32m/home/antonio/go/pkg/mod/gorm.io/driver/mysql@v1.2.3/migrator.go:237
[0m[33m[134.704ms] [34;1m[rows:1][0m SELECT SCHEMA_NAME from Information_schema.SCHEMATA where SCHEMA_NAME LIKE 'sass%' ORDER BY SCHEMA_NAME='sass' DESC limit 1

2022/04/14 19:19:08 [32m/home/antonio/SaaS/server/server.go:106
[0m[33m[137.856ms] [34;1m[rows:-][0m SELECT count(*) FROM information_schema.statistics WHERE table_schema = 'sass' AND table_name = 'users' AND index_name = 'idx_users_deleted_at'

2022/04/14 19:19:08 [32m/home/antonio/go/pkg/mod/gorm.io/driver/mysql@v1.2.3/migrator.go:234
[0m[33m[65.931ms] [34;1m[rows:-][0m SELECT DATABASE()

2022/04/14 19:19:08 [32m/home/antonio/go/pkg/mod/gorm.io/driver/mysql@v1.2.3/migrator.go:237
[0m[33m[136.942ms] [34;1m[rows:1][0m SELECT SCHEMA_NAME from Information_schema.SCHEMATA where SCHEMA_NAME LIKE 'sass%' ORDER BY SCHEMA_NAME='sass' DESC limit 1

2022/04/14 19:19:09 [32m/home/antonio/SaaS/server/server.go:106
[0m[33m[135.964ms] [34;1m[rows:-][0m SELECT count(*) FROM information_schema.tables WHERE table_schema = 'sass' AND table_name = 'addresses' AND table_type = 'BASE TABLE'

2022/04/14 19:19:09 [32m/home/antonio/go/pkg/mod/gorm.io/driver/mysql@v1.2.3/migrator.go:234
[0m[33m[67.879ms] [34;1m[rows:-][0m SELECT DATABASE()

2022/04/14 19:19:09 [32m/home/antonio/go/pkg/mod/gorm.io/driver/mysql@v1.2.3/migrator.go:237
[0m[33m[136.948ms] [34;1m[rows:1][0m SELECT SCHEMA_NAME from Information_schema.SCHEMATA where SCHEMA_NAME LIKE 'sass%' ORDER BY SCHEMA_NAME='sass' DESC limit 1

2022/04/14 19:19:09 [32m/home/antonio/go/pkg/mod/gorm.io/driver/mysql@v1.2.3/migrator.go:205
[0m[33m[137.978ms] [34;1m[rows:-][0m SELECT column_name, is_nullable, data_type, character_maximum_length, numeric_precision, numeric_scale , datetime_precision FROM information_schema.columns WHERE table_schema = 'sass' AND table_name = 'addresses' ORDER BY ORDINAL_POSITION

2022/04/14 19:19:09 [32m/home/antonio/go/pkg/mod/gorm.io/driver/mysql@v1.2.3/migrator.go:234
[0m[33m[65.871ms] [34;1m[rows:-][0m SELECT DATABASE()

2022/04/14 19:19:09 [32m/home/antonio/go/pkg/mod/gorm.io/driver/mysql@v1.2.3/migrator.go:237
[0m[33m[136.913ms] [34;1m[rows:1][0m SELECT SCHEMA_NAME from Information_schema.SCHEMATA where SCHEMA_NAME LIKE 'sass%' ORDER BY SCHEMA_NAME='sass' DESC limit 1

2022/04/14 19:19:09 [32m/home/antonio/SaaS/server/server.go:106
[0m[33m[136.913ms] [34;1m[rows:-][0m SELECT count(*) FROM information_schema.statistics WHERE table_schema = 'sass' AND table_name = 'addresses' AND index_name = 'idx_addresses_deleted_at'

2022/04/14 19:19:09 [32m/home/antonio/go/pkg/mod/gorm.io/driver/mysql@v1.2.3/migrator.go:234
[0m[33m[67.893ms] [34;1m[rows:-][0m SELECT DATABASE()

2022/04/14 19:19:09 [32m/home/antonio/go/pkg/mod/gorm.io/driver/mysql@v1.2.3/migrator.go:237
[0m[33m[133.999ms] [34;1m[rows:1][0m SELECT SCHEMA_NAME from Information_schema.SCHEMATA where SCHEMA_NAME LIKE 'sass%' ORDER BY SCHEMA_NAME='sass' DESC limit 1

2022/04/14 19:19:10 [32m/home/antonio/SaaS/server/server.go:106
[0m[33m[140.948ms] [34;1m[rows:-][0m SELECT count(*) FROM information_schema.tables WHERE table_schema = 'sass' AND table_name = 'products' AND table_type = 'BASE TABLE'

2022/04/14 19:19:10 [32m/home/antonio/go/pkg/mod/gorm.io/driver/mysql@v1.2.3/migrator.go:234
[0m[33m[67.945ms] [34;1m[rows:-][0m SELECT DATABASE()

2022/04/14 19:19:10 [32m/home/antonio/go/pkg/mod/gorm.io/driver/mysql@v1.2.3/migrator.go:237
[0m[33m[136.977ms] [34;1m[rows:1][0m SELECT SCHEMA_NAME from Information_schema.SCHEMATA where SCHEMA_NAME LIKE 'sass%' ORDER BY SCHEMA_NAME='sass' DESC limit 1

2022/04/14 19:19:10 [32m/home/antonio/go/pkg/mod/gorm.io/driver/mysql@v1.2.3/migrator.go:205
[0m[33m[139.934ms] [34;1m[rows:-][0m SELECT column_name, is_nullable, data_type, character_maximum_length, numeric_precision, numeric_scale , datetime_precision FROM information_schema.columns WHERE table_schema = 'sass' AND table_name = 'products' ORDER BY ORDINAL_POSITION

2022/04/14 19:19:10 [32m/home/antonio/go/pkg/mod/gorm.io/driver/mysql@v1.2.3/migrator.go:234
[0m[33m[67.905ms] [34;1m[rows:-][0m SELECT DATABASE()

2022/04/14 19:19:10 [32m/home/antonio/go/pkg/mod/gorm.io/driver/mysql@v1.2.3/migrator.go:237
[0m[33m[135.907ms] [34;1m[rows:1][0m SELECT SCHEMA_NAME from Information_schema.SCHEMATA where SCHEMA_NAME LIKE 'sass%' ORDER BY SCHEMA_NAME='sass' DESC limit 1

2022/04/14 19:19:10 [32m/home/antonio/SaaS/server/server.go:106
[0m[33m[136.890ms] [34;1m[rows:-][0m SELECT count(*) FROM information_schema.statistics WHERE table_schema = 'sass' AND table_name = 'products' AND index_name = 'idx_products_deleted_at'

2022/04/14 19:19:10 [32m/home/antonio/go/pkg/mod/gorm.io/driver/mysql@v1.2.3/migrator.go:234
[0m[33m[67.949ms] [34;1m[rows:-][0m SELECT DATABASE()

2022/04/14 19:19:11 [32m/home/antonio/go/pkg/mod/gorm.io/driver/mysql@v1.2.3/migrator.go:237
[0m[33m[133.951ms] [34;1m[rows:1][0m SELECT SCHEMA_NAME from Information_schema.SCHEMATA where SCHEMA_NAME LIKE 'sass%' ORDER BY SCHEMA_NAME='sass' DESC limit 1

2022/04/14 19:19:11 [32m/home/antonio/SaaS/server/server.go:106
[0m[33m[137.940ms] [34;1m[rows:-][0m SELECT count(*) FROM information_schema.tables WHERE table_schema = 'sass' AND table_name = 'images' AND table_type = 'BASE TABLE'

2022/04/14 19:19:11 [32m/home/antonio/go/pkg/mod/gorm.io/driver/mysql@v1.2.3/migrator.go:234
[0m[33m[65.970ms] [34;1m[rows:-][0m SELECT DATABASE()

2022/04/14 19:19:11 [32m/home/antonio/go/pkg/mod/gorm.io/driver/mysql@v1.2.3/migrator.go:237
[0m[33m[132.963ms] [34;1m[rows:1][0m SELECT SCHEMA_NAME from Information_schema.SCHEMATA where SCHEMA_NAME LIKE 'sass%' ORDER BY SCHEMA_NAME='sass' DESC limit 1

2022/04/14 19:19:11 [32m/home/antonio/go/pkg/mod/gorm.io/driver/mysql@v1.2.3/migrator.go:205
[0m[33m[137.952ms] [34;1m[rows:-][0m SELECT column_name, is_nullable, data_type, character_maximum_length, numeric_precision, numeric_scale , datetime_precision FROM information_schema.columns WHERE table_schema = 'sass' AND table_name = 'images' ORDER BY ORDINAL_POSITION

2022/04/14 19:19:11 [32m/home/antonio/go/pkg/mod/gorm.io/driver/mysql@v1.2.3/migrator.go:234
[0m[33m[65.917ms] [34;1m[rows:-][0m SELECT DATABASE()

2022/04/14 19:19:11 [32m/home/antonio/go/pkg/mod/gorm.io/driver/mysql@v1.2.3/migrator.go:237
[0m[33m[136.923ms] [34;1m[rows:1][0m SELECT SCHEMA_NAME from Information_schema.SCHEMATA where SCHEMA_NAME LIKE 'sass%' ORDER BY SCHEMA_NAME='sass' DESC limit 1

2022/04/14 19:19:11 [32m/home/antonio/SaaS/server/server.go:106
[0m[33m[137.889ms] [34;1m[rows:-][0m SELECT count(*) FROM information_schema.statistics WHERE table_schema = 'sass' AND table_name = 'images' AND index_name = 'idx_images_deleted_at'

2022/04/14 19:19:11 [32m/home/antonio/go/pkg/mod/gorm.io/driver/mysql@v1.2.3/migrator.go:234
[0m[33m[66.951ms] [34;1m[rows:-][0m SELECT DATABASE()

2022/04/14 19:19:12 [32m/home/antonio/go/pkg/mod/gorm.io/driver/mysql@v1.2.3/migrator.go:237
[0m[33m[136.983ms] [34;1m[rows:1][0m SELECT SCHEMA_NAME from Information_schema.SCHEMATA where SCHEMA_NAME LIKE 'sass%' ORDER BY SCHEMA_NAME='sass' DESC limit 1

2022/04/14 19:19:12 [32m/home/antonio/SaaS/server/server.go:106
[0m[33m[136.937ms] [34;1m[rows:-][0m SELECT count(*) FROM information_schema.tables WHERE table_schema = 'sass' AND table_name = 'categories' AND table_type = 'BASE TABLE'

2022/04/14 19:19:12 [32m/home/antonio/go/pkg/mod/gorm.io/driver/mysql@v1.2.3/migrator.go:234
[0m[33m[65.921ms] [34;1m[rows:-][0m SELECT DATABASE()

2022/04/14 19:19:12 [32m/home/antonio/go/pkg/mod/gorm.io/driver/mysql@v1.2.3/migrator.go:237
[0m[33m[136.015ms] [34;1m[rows:1][0m SELECT SCHEMA_NAME from Information_schema.SCHEMATA where SCHEMA_NAME LIKE 'sass%' ORDER BY SCHEMA_NAME='sass' DESC limit 1

2022/04/14 19:19:12 [32m/home/antonio/go/pkg/mod/gorm.io/driver/mysql@v1.2.3/migrator.go:205
[0m[33m[141.065ms] [34;1m[rows:-][0m SELECT column_name, is_nullable, data_type, character_maximum_length, numeric_precision, numeric_scale , datetime_precision FROM information_schema.columns WHERE table_schema = 'sass' AND table_name = 'categories' ORDER BY ORDINAL_POSITION

2022/04/14 19:19:12 [32m/home/antonio/go/pkg/mod/gorm.io/driver/mysql@v1.2.3/migrator.go:234
[0m[33m[65.707ms] [34;1m[rows:-][0m SELECT DATABASE()

2022/04/14 19:19:12 [32m/home/antonio/go/pkg/mod/gorm.io/driver/mysql@v1.2.3/migrator.go:237
[0m[33m[136.965ms] [34;1m[rows:1][0m SELECT SCHEMA_NAME from Information_schema.SCHEMATA where SCHEMA_NAME LIKE 'sass%' ORDER BY SCHEMA_NAME='sass' DESC limit 1

2022/04/14 19:19:12 [32m/home/antonio/SaaS/server/server.go:106
[0m[33m[138.836ms] [34;1m[rows:-][0m SELECT count(*) FROM information_schema.statistics WHERE table_schema = 'sass' AND table_name = 'categories' AND index_name = 'idx_categories_deleted_at'

2022/04/14 19:19:12 [32m/home/antonio/go/pkg/mod/gorm.io/driver/mysql@v1.2.3/migrator.go:234
[0m[33m[67.077ms] [34;1m[rows:-][0m SELECT DATABASE()

2022/04/14 19:19:13 [32m/home/antonio/go/pkg/mod/gorm.io/driver/mysql@v1.2.3/migrator.go:237
[0m[33m[136.011ms] [34;1m[rows:1][0m SELECT SCHEMA_NAME from Information_schema.SCHEMATA where SCHEMA_NAME LIKE 'sass%' ORDER BY SCHEMA_NAME='sass' DESC limit 1

2022/04/14 19:19:13 [32m/home/antonio/SaaS/server/server.go:106
[0m[33m[142.745ms] [34;1m[rows:-][0m SELECT count(*) FROM information_schema.tables WHERE table_schema = 'sass' AND table_name = 'mood_types' AND table_type = 'BASE TABLE'

2022/04/14 19:19:13 [32m/home/antonio/go/pkg/mod/gorm.io/driver/mysql@v1.2.3/migrator.go:234
[0m[33m[65.994ms] [34;1m[rows:-][0m SELECT DATABASE()

2022/04/14 19:19:13 [32m/home/antonio/go/pkg/mod/gorm.io/driver/mysql@v1.2.3/migrator.go:237
[0m[33m[134.929ms] [34;1m[rows:1][0m SELECT SCHEMA_NAME from Information_schema.SCHEMATA where SCHEMA_NAME LIKE 'sass%' ORDER BY SCHEMA_NAME='sass' DESC limit 1

2022/04/14 19:19:13 [32m/home/antonio/go/pkg/mod/gorm.io/driver/mysql@v1.2.3/migrator.go:205
[0m[33m[140.945ms] [34;1m[rows:-][0m SELECT column_name, is_nullable, data_type, character_maximum_length, numeric_precision, numeric_scale , datetime_precision FROM information_schema.columns WHERE table_schema = 'sass' AND table_name = 'mood_types' ORDER BY ORDINAL_POSITION

2022/04/14 19:19:13 [32m/home/antonio/go/pkg/mod/gorm.io/driver/mysql@v1.2.3/migrator.go:234
[0m[33m[66.936ms] [34;1m[rows:-][0m SELECT DATABASE()

2022/04/14 19:19:13 [32m/home/antonio/go/pkg/mod/gorm.io/driver/mysql@v1.2.3/migrator.go:237
[0m[33m[136.883ms] [34;1m[rows:1][0m SELECT SCHEMA_NAME from Information_schema.SCHEMATA where SCHEMA_NAME LIKE 'sass%' ORDER BY SCHEMA_NAME='sass' DESC limit 1

2022/04/14 19:19:13 [32m/home/antonio/SaaS/server/server.go:106
[0m[33m[138.928ms] [34;1m[rows:-][0m SELECT count(*) FROM information_schema.statistics WHERE table_schema = 'sass' AND table_name = 'mood_types' AND index_name = 'idx_mood_types_deleted_at'

2022/04/14 19:19:13 [32m/home/antonio/go/pkg/mod/gorm.io/driver/mysql@v1.2.3/migrator.go:234
[0m[33m[65.957ms] [34;1m[rows:-][0m SELECT DATABASE()

2022/04/14 19:19:14 [32m/home/antonio/go/pkg/mod/gorm.io/driver/mysql@v1.2.3/migrator.go:237
[0m[33m[133.928ms] [34;1m[rows:1][0m SELECT SCHEMA_NAME from Information_schema.SCHEMATA where SCHEMA_NAME LIKE 'sass%' ORDER BY SCHEMA_NAME='sass' DESC limit 1

2022/04/14 19:19:14 [32m/home/antonio/SaaS/server/server.go:106
[0m[33m[137.925ms] [34;1m[rows:-][0m SELECT count(*) FROM information_schema.tables WHERE table_schema = 'sass' AND table_name = 'moods' AND table_type = 'BASE TABLE'

2022/04/14 19:19:14 [32m/home/antonio/go/pkg/mod/gorm.io/driver/mysql@v1.2.3/migrator.go:234
[0m[33m[67.935ms] [34;1m[rows:-][0m SELECT DATABASE()

2022/04/14 19:19:14 [32m/home/antonio/go/pkg/mod/gorm.io/driver/mysql@v1.2.3/migrator.go:237
[0m[33m[135.932ms] [34;1m[rows:1][0m SELECT SCHEMA_NAME from Information_schema.SCHEMATA where SCHEMA_NAME LIKE 'sass%' ORDER BY SCHEMA_NAME='sass' DESC limit 1

2022/04/14 19:19:14 [32m/home/antonio/go/pkg/mod/gorm.io/driver/mysql@v1.2.3/migrator.go:205
[0m[33m[137.944ms] [34;1m[rows:-][0m SELECT column_name, is_nullable, data_type, character_maximum_length, numeric_precision, numeric_scale , datetime_precision FROM information_schema.columns WHERE table_schema = 'sass' AND table_name = 'moods' ORDER BY ORDINAL_POSITION

2022/04/14 19:19:14 [32m/home/antonio/go/pkg/mod/gorm.io/driver/mysql@v1.2.3/migrator.go:234
[0m[33m[67.876ms] [34;1m[rows:-][0m SELECT DATABASE()

2022/04/14 19:19:14 [32m/home/antonio/go/pkg/mod/gorm.io/driver/mysql@v1.2.3/migrator.go:237
[0m[33m[133.924ms] [34;1m[rows:1][0m SELECT SCHEMA_NAME from Information_schema.SCHEMATA where SCHEMA_NAME LIKE 'sass%' ORDER BY SCHEMA_NAME='sass' DESC limit 1

2022/04/14 19:19:14 [32m/home/antonio/SaaS/server/server.go:106
[0m[33m[139.927ms] [34;1m[rows:-][0m SELECT count(*) FROM information_schema.statistics WHERE table_schema = 'sass' AND table_name = 'moods' AND index_name = 'idx_moods_deleted_at'

2022/04/14 19:19:14 [32m/home/antonio/go/pkg/mod/gorm.io/driver/mysql@v1.2.3/migrator.go:234
[0m[33m[66.979ms] [34;1m[rows:-][0m SELECT DATABASE()

2022/04/14 19:19:15 [32m/home/antonio/go/pkg/mod/gorm.io/driver/mysql@v1.2.3/migrator.go:237
[0m[33m[132.929ms] [34;1m[rows:1][0m SELECT SCHEMA_NAME from Information_schema.SCHEMATA where SCHEMA_NAME LIKE 'sass%' ORDER BY SCHEMA_NAME='sass' DESC limit 1

2022/04/14 19:19:15 [32m/home/antonio/SaaS/server/server.go:106
[0m[33m[137.949ms] [34;1m[rows:-][0m SELECT count(*) FROM information_schema.tables WHERE table_schema = 'sass' AND table_name = 'user_auths' AND table_type = 'BASE TABLE'

2022/04/14 19:19:15 [32m/home/antonio/go/pkg/mod/gorm.io/driver/mysql@v1.2.3/migrator.go:234
[0m[33m[66.900ms] [34;1m[rows:-][0m SELECT DATABASE()

2022/04/14 19:19:15 [32m/home/antonio/go/pkg/mod/gorm.io/driver/mysql@v1.2.3/migrator.go:237
[0m[33m[136.936ms] [34;1m[rows:1][0m SELECT SCHEMA_NAME from Information_schema.SCHEMATA where SCHEMA_NAME LIKE 'sass%' ORDER BY SCHEMA_NAME='sass' DESC limit 1

2022/04/14 19:19:15 [32m/home/antonio/go/pkg/mod/gorm.io/driver/mysql@v1.2.3/migrator.go:205
[0m[33m[136.967ms] [34;1m[rows:-][0m SELECT column_name, is_nullable, data_type, character_maximum_length, numeric_precision, numeric_scale , datetime_precision FROM information_schema.columns WHERE table_schema = 'sass' AND table_name = 'user_auths' ORDER BY ORDINAL_POSITION

2022/04/14 19:19:15 [32m/home/antonio/go/pkg/mod/gorm.io/driver/mysql@v1.2.3/migrator.go:234
[0m[33m[65.896ms] [34;1m[rows:-][0m SELECT DATABASE()

2022/04/14 19:19:15 [32m/home/antonio/go/pkg/mod/gorm.io/driver/mysql@v1.2.3/migrator.go:237
[0m[33m[135.953ms] [34;1m[rows:1][0m SELECT SCHEMA_NAME from Information_schema.SCHEMATA where SCHEMA_NAME LIKE 'sass%' ORDER BY SCHEMA_NAME='sass' DESC limit 1

2022/04/14 19:19:15 [32m/home/antonio/SaaS/server/server.go:106
[0m[33m[137.904ms] [34;1m[rows:-][0m SELECT count(*) FROM information_schema.statistics WHERE table_schema = 'sass' AND table_name = 'user_auths' AND index_name = 'idx_user_auths_deleted_at'

2022/04/14 19:20:21 [31;1m/home/antonio/SaaS/server/service/users/users.go:84 [35;1mrecord not found
[0m[33m[134.899ms] [34;1m[rows:0][0m SELECT * FROM `user_auths` WHERE email LIKE '' AND `user_auths`.`deleted_at` IS NULL LIMIT 1

2022/04/14 19:20:21 [32m/home/antonio/SaaS/server/service/users/users.go:59
[0m[33m[141.988ms] [34;1m[rows:1][0m INSERT INTO `user_auths` (`created_at`,`updated_at`,`deleted_at`,`first_name`,`last_name`,`email`,`password`,`age`,`phone`) VALUES ('2022-04-14 19:20:21.261','2022-04-14 19:20:21.261',NULL,'Antonio','Trupac','antonio.trupac@gmail.com','',17,'845-344')

2022/04/14 19:20:21 [32m/home/antonio/go/pkg/mod/gorm.io/driver/mysql@v1.2.3/mysql.go:397
[0m[33m[68.866ms] [34;1m[rows:0][0m SAVEPOINT sp0x77e8c0

2022/04/14 19:20:21 [32m/home/antonio/SaaS/server/service/users/users.go:67
[0m[33m[141.984ms] [34;1m[rows:1][0m INSERT INTO `addresses` (`created_at`,`updated_at`,`deleted_at`,`address_line`,`city`,`postal_code`,`country`,`user_id`,`user_auth_id`) VALUES ('2022-04-14 19:20:21.472','2022-04-14 19:20:21.472',NULL,'Donja Svarca, 43','Karlovac',47000,'Croatia',0,1)
